{
  "meta": {
    "version": "5.2.1",
    "timestamp": "2020-08-03T02:11:40.835897",
    "branch_coverage": true,
    "show_contexts": false
  },
  "files": {
    "src/app.py": {
      "executed_lines": [],
      "summary": {
        "covered_lines": 0,
        "num_statements": 6,
        "percent_covered": 0.0,
        "missing_lines": 6,
        "excluded_lines": 0,
        "num_branches": 0,
        "num_partial_branches": 0,
        "covered_branches": 0,
        "missing_branches": 0
      },
      "missing_lines": [3, 7, 9, 12, 13, 15],
      "excluded_lines": []
    },
    "src/core/__init__.py": {
      "executed_lines": [1],
      "summary": {
        "covered_lines": 0,
        "num_statements": 0,
        "percent_covered": 100.0,
        "missing_lines": 0,
        "excluded_lines": 0,
        "num_branches": 0,
        "num_partial_branches": 0,
        "covered_branches": 0,
        "missing_branches": 0
      },
      "missing_lines": [],
      "excluded_lines": []
    },
    "src/core/create_distance_matrix.py": {
      "executed_lines": [],
      "summary": {
        "covered_lines": 0,
        "num_statements": 25,
        "percent_covered": 0.0,
        "missing_lines": 25,
        "excluded_lines": 4,
        "num_branches": 0,
        "num_partial_branches": 0,
        "covered_branches": 0,
        "missing_branches": 0
      },
      "missing_lines": [
        3,
        7,
        8,
        10,
        13,
        14,
        23,
        29,
        30,
        33,
        36,
        37,
        40,
        43,
        46,
        47,
        50,
        53,
        56,
        57,
        60,
        62,
        65,
        69,
        82
      ],
      "excluded_lines": [85, 86, 87, 88]
    },
    "src/core/distancematrix/__init__.py": {
      "executed_lines": [],
      "summary": {
        "covered_lines": 0,
        "num_statements": 0,
        "percent_covered": 100.0,
        "missing_lines": 0,
        "excluded_lines": 0,
        "num_branches": 0,
        "num_partial_branches": 0,
        "covered_branches": 0,
        "missing_branches": 0
      },
      "missing_lines": [],
      "excluded_lines": []
    },
    "src/core/distancematrix/google_distance_matrix.py": {
      "executed_lines": [],
      "summary": {
        "covered_lines": 0,
        "num_statements": 39,
        "percent_covered": 0.0,
        "missing_lines": 39,
        "excluded_lines": 0,
        "num_branches": 4,
        "num_partial_branches": 0,
        "covered_branches": 0,
        "missing_branches": 4
      },
      "missing_lines": [
        3,
        7,
        8,
        10,
        13,
        14,
        15,
        16,
        19,
        23,
        24,
        25,
        26,
        27,
        30,
        34,
        35,
        38,
        43,
        44,
        45,
        46,
        47,
        48,
        49,
        50,
        51,
        54,
        58,
        64,
        68,
        69,
        72,
        76,
        77,
        78,
        81,
        85,
        86
      ],
      "excluded_lines": []
    },
    "src/core/helpers/__init__.py": {
      "executed_lines": [],
      "summary": {
        "covered_lines": 0,
        "num_statements": 0,
        "percent_covered": 100.0,
        "missing_lines": 0,
        "excluded_lines": 0,
        "num_branches": 0,
        "num_partial_branches": 0,
        "covered_branches": 0,
        "missing_branches": 0
      },
      "missing_lines": [],
      "excluded_lines": []
    },
    "src/core/helpers/read_write.py": {
      "executed_lines": [],
      "summary": {
        "covered_lines": 0,
        "num_statements": 14,
        "percent_covered": 0.0,
        "missing_lines": 14,
        "excluded_lines": 0,
        "num_branches": 0,
        "num_partial_branches": 0,
        "covered_branches": 0,
        "missing_branches": 0
      },
      "missing_lines": [3, 7, 8, 10, 13, 14, 17, 21, 22, 23, 26, 30, 31, 32],
      "excluded_lines": []
    },
    "src/core/traveling_salesman.py": {
      "executed_lines": [
        3,
        7,
        8,
        9,
        10,
        11,
        14,
        18,
        19,
        22,
        24,
        25,
        28,
        30,
        31,
        36,
        37,
        38,
        39,
        40,
        41,
        42,
        45,
        64,
        68,
        69,
        72,
        77,
        79,
        82,
        83,
        84,
        86,
        89,
        92,
        94,
        100,
        103,
        104,
        105,
        108,
        118
      ],
      "summary": {
        "covered_lines": 41,
        "num_statements": 60,
        "percent_covered": 61.111111111111114,
        "missing_lines": 19,
        "excluded_lines": 2,
        "num_branches": 12,
        "num_partial_branches": 1,
        "covered_branches": 3,
        "missing_branches": 9
      },
      "missing_lines": [
        47,
        48,
        49,
        50,
        51,
        52,
        53,
        54,
        55,
        56,
        57,
        58,
        59,
        60,
        61,
        112,
        113,
        114,
        115
      ],
      "excluded_lines": [118, 119]
    }
  },
  "totals": {
    "covered_lines": 41,
    "num_statements": 144,
    "percent_covered": 27.5,
    "missing_lines": 103,
    "excluded_lines": 6,
    "num_branches": 16,
    "num_partial_branches": 1,
    "covered_branches": 3,
    "missing_branches": 13
  }
}
